[debug] [2017-10-29T22:53:04.545Z] ----------------------------------------------------------------------
[debug] [2017-10-29T22:53:04.552Z] Command:       C:\Program Files\nodejs\node.exe C:\Users\renato da rin\AppData\Roaming\npm\node_modules\firebase-tools\bin\firebase deploy
[debug] [2017-10-29T22:53:04.553Z] CLI Version:   3.12.0
[debug] [2017-10-29T22:53:04.553Z] Platform:      win32
[debug] [2017-10-29T22:53:04.553Z] Node Version:  v8.2.1
[debug] [2017-10-29T22:53:04.576Z] Time:          Sun Oct 29 2017 23:53:04 GMT+0100 (ora solare Europa occidentale)
[debug] [2017-10-29T22:53:04.576Z] ----------------------------------------------------------------------
[debug] 
[debug] [2017-10-29T22:53:04.724Z] > command requires scopes: ["email","openid","https://www.googleapis.com/auth/cloudplatformprojects.readonly","https://www.googleapis.com/auth/firebase","https://www.googleapis.com/auth/cloud-platform"]
[debug] [2017-10-29T22:53:04.726Z] > authorizing via signed-in user
[debug] [2017-10-29T22:53:04.732Z] > refreshing access token with scopes: ["email","https://www.googleapis.com/auth/cloud-platform","https://www.googleapis.com/auth/cloudplatformprojects.readonly","https://www.googleapis.com/auth/firebase","openid"]
[debug] [2017-10-29T22:53:04.733Z] >>> HTTP REQUEST POST https://www.googleapis.com/oauth2/v3/token { refresh_token: '1/N_hckKYZa6y6xJvn3mMxBtMAJf0bc6oxBPMpKO_vqI8',
  client_id: '563584335869-fgrhgmd47bqnekij5i8b5pr03ho849e6.apps.googleusercontent.com',
  client_secret: 'j9iVZfS8kkCEFUPaAeJV0sAi',
  grant_type: 'refresh_token',
  scope: 'email https://www.googleapis.com/auth/cloud-platform https://www.googleapis.com/auth/cloudplatformprojects.readonly https://www.googleapis.com/auth/firebase openid' } 
 Sun Oct 29 2017 23:53:04 GMT+0100 (ora solare Europa occidentale)
[debug] [2017-10-29T22:53:05.080Z] <<< HTTP RESPONSE 200
[debug] [2017-10-29T22:53:05.135Z] >>> HTTP REQUEST GET https://admin.firebase.com/v1/projects/daudr-web  
 Sun Oct 29 2017 23:53:05 GMT+0100 (ora solare Europa occidentale)
[debug] [2017-10-29T22:53:05.845Z] <<< HTTP RESPONSE 200
[debug] [2017-10-29T22:53:05.847Z] >>> HTTP REQUEST GET https://admin.firebase.com/v1/database/daudr-web/tokens  
 Sun Oct 29 2017 23:53:05 GMT+0100 (ora solare Europa occidentale)
[debug] [2017-10-29T22:53:06.868Z] <<< HTTP RESPONSE 200
[info] 
[info] === Deploying to 'daudr-web'...
[info] 
[info] i  deploying database, functions, hosting
[info] +  database: rules ready to deploy.
[debug] [2017-10-29T22:53:08.228Z] > [functions] package.json contents: {
  "name": "functions",
  "description": "Cloud Functions for Firebase",
  "dependencies": {
    "@angular/animations": "^4.4.6",
    "@angular/cdk": "^2.0.0-beta.12",
    "@angular/common": "^4.4.6",
    "@angular/compiler": "^4.4.6",
    "@angular/core": "^4.4.6",
    "@angular/forms": "^4.4.6",
    "@angular/http": "^4.4.6",
    "@angular/material": "^2.0.0-beta.12",
    "@angular/platform-browser": "^4.4.6",
    "@angular/platform-browser-dynamic": "^4.4.6",
    "@angular/platform-server": "^4.4.6",
    "@angular/router": "^4.4.6",
    "angularfire2": "^5.0.0-rc.0-next",
    "core-js": "^2.5.1",
    "express": "^4.16.2",
    "firebase": "^4.6.0",
    "firebase-admin": "^5.4.2",
    "hammerjs": "^2.0.8",
    "rxjs": "^5.5.0",
    "zone.js": "^0.8.18"
  },
  "private": true,
  "devDependencies": {
    "angular-universal-express-firebase": "0.0.4",
    "firebase-functions": "^0.7.1"
  }
}
[info] i  functions: ensuring necessary APIs are enabled...
[info] i  runtimeconfig: ensuring necessary APIs are enabled...
[debug] [2017-10-29T22:53:08.237Z] >>> HTTP REQUEST GET https://servicemanagement.googleapis.com/v1/services/cloudfunctions.googleapis.com/projectSettings/daudr-web?view=CONSUMER_VIEW  
 Sun Oct 29 2017 23:53:08 GMT+0100 (ora solare Europa occidentale)
[debug] [2017-10-29T22:53:08.240Z] >>> HTTP REQUEST GET https://servicemanagement.googleapis.com/v1/services/runtimeconfig.googleapis.com/projectSettings/daudr-web?view=CONSUMER_VIEW  
 Sun Oct 29 2017 23:53:08 GMT+0100 (ora solare Europa occidentale)
[debug] [2017-10-29T22:53:09.309Z] <<< HTTP RESPONSE 200
[info] +  runtimeconfig: all necessary APIs are enabled
[debug] [2017-10-29T22:53:09.330Z] <<< HTTP RESPONSE 200
[info] +  functions: all necessary APIs are enabled
[debug] [2017-10-29T22:53:09.336Z] >>> HTTP REQUEST GET https://appengine.googleapis.com/v1/apps/daudr-web  
 Sun Oct 29 2017 23:53:09 GMT+0100 (ora solare Europa occidentale)
[debug] [2017-10-29T22:53:09.337Z] >>> HTTP REQUEST GET https://apikeys.googleapis.com/v1/projects/daudr-web/apiKeys  
 Sun Oct 29 2017 23:53:09 GMT+0100 (ora solare Europa occidentale)
[debug] [2017-10-29T22:53:10.205Z] <<< HTTP RESPONSE 200
[debug] [2017-10-29T22:53:10.332Z] <<< HTTP RESPONSE 200
